have_header: checking for libkakasi.h... -------------------- yes

"clang -o conftest -I/Users/shibuyakazuho/.rbenv/versions/2.5.0/include/ruby-2.5.0/x86_64-darwin18 -I/Users/shibuyakazuho/.rbenv/versions/2.5.0/include/ruby-2.5.0/ruby/backward -I/Users/shibuyakazuho/.rbenv/versions/2.5.0/include/ruby-2.5.0 -I. -I/Users/shibuyakazuho/.rbenv/versions/2.5.0/include  -D_XOPEN_SOURCE -D_DARWIN_C_SOURCE -D_DARWIN_UNLIMITED_SELECT -D_REENTRANT    -O3 -Wno-error=shorten-64-to-32  -pipe conftest.c  -L. -L/Users/shibuyakazuho/.rbenv/versions/2.5.0/lib -L. -L/Users/shibuyakazuho/.rbenv/versions/2.5.0/lib  -fstack-protector -L/usr/local/lib     -lruby.2.5.0-static -framework Foundation  -lpthread -ldl -lobjc "
checked program was:
/* begin */
1: #include "ruby.h"
2: 
3: int main(int argc, char **argv)
4: {
5:   return 0;
6: }
/* end */

"clang -E -I/Users/shibuyakazuho/.rbenv/versions/2.5.0/include/ruby-2.5.0/x86_64-darwin18 -I/Users/shibuyakazuho/.rbenv/versions/2.5.0/include/ruby-2.5.0/ruby/backward -I/Users/shibuyakazuho/.rbenv/versions/2.5.0/include/ruby-2.5.0 -I. -I/Users/shibuyakazuho/.rbenv/versions/2.5.0/include  -D_XOPEN_SOURCE -D_DARWIN_C_SOURCE -D_DARWIN_UNLIMITED_SELECT -D_REENTRANT    -O3 -Wno-error=shorten-64-to-32  -pipe  conftest.c -o conftest.i"
checked program was:
/* begin */
1: #include "ruby.h"
2: 
3: #include <libkakasi.h>
/* end */

--------------------

have_library: checking for kakasi_do() in -lkakasi... -------------------- yes

"clang -o conftest -I/Users/shibuyakazuho/.rbenv/versions/2.5.0/include/ruby-2.5.0/x86_64-darwin18 -I/Users/shibuyakazuho/.rbenv/versions/2.5.0/include/ruby-2.5.0/ruby/backward -I/Users/shibuyakazuho/.rbenv/versions/2.5.0/include/ruby-2.5.0 -I. -I/Users/shibuyakazuho/.rbenv/versions/2.5.0/include  -D_XOPEN_SOURCE -D_DARWIN_C_SOURCE -D_DARWIN_UNLIMITED_SELECT -D_REENTRANT    -O3 -Wno-error=shorten-64-to-32  -pipe conftest.c  -L. -L/Users/shibuyakazuho/.rbenv/versions/2.5.0/lib -L. -L/Users/shibuyakazuho/.rbenv/versions/2.5.0/lib  -fstack-protector -L/usr/local/lib     -lruby.2.5.0-static -framework Foundation -lkakasi  -lpthread -ldl -lobjc "
conftest.c:13:57: error: use of undeclared identifier 'kakasi_do'
int t(void) { void ((*volatile p)()); p = (void ((*)()))kakasi_do; return !p; }
                                                        ^
1 error generated.
checked program was:
/* begin */
 1: #include "ruby.h"
 2: 
 3: /*top*/
 4: extern int t(void);
 5: int main(int argc, char **argv)
 6: {
 7:   if (argc > 1000000) {
 8:     printf("%p", &t);
 9:   }
10: 
11:   return 0;
12: }
13: int t(void) { void ((*volatile p)()); p = (void ((*)()))kakasi_do; return !p; }
/* end */

"clang -o conftest -I/Users/shibuyakazuho/.rbenv/versions/2.5.0/include/ruby-2.5.0/x86_64-darwin18 -I/Users/shibuyakazuho/.rbenv/versions/2.5.0/include/ruby-2.5.0/ruby/backward -I/Users/shibuyakazuho/.rbenv/versions/2.5.0/include/ruby-2.5.0 -I. -I/Users/shibuyakazuho/.rbenv/versions/2.5.0/include  -D_XOPEN_SOURCE -D_DARWIN_C_SOURCE -D_DARWIN_UNLIMITED_SELECT -D_REENTRANT    -O3 -Wno-error=shorten-64-to-32  -pipe conftest.c  -L. -L/Users/shibuyakazuho/.rbenv/versions/2.5.0/lib -L. -L/Users/shibuyakazuho/.rbenv/versions/2.5.0/lib  -fstack-protector -L/usr/local/lib     -lruby.2.5.0-static -framework Foundation -lkakasi  -lpthread -ldl -lobjc "
checked program was:
/* begin */
 1: #include "ruby.h"
 2: 
 3: /*top*/
 4: extern int t(void);
 5: int main(int argc, char **argv)
 6: {
 7:   if (argc > 1000000) {
 8:     printf("%p", &t);
 9:   }
10: 
11:   return 0;
12: }
13: extern void kakasi_do();
14: int t(void) { kakasi_do(); return 0; }
/* end */

--------------------

